This file contains any messages produced by compilers while
running configure, to aid debugging if configure makes a mistake.

It was created by audacity configure 2.0.6, which was
generated by GNU Autoconf 2.69.  Invocation command line was

  $ ./configure 

## --------- ##
## Platform. ##
## --------- ##

hostname = nyssa
uname -m = x86_64
uname -r = 4.3.0-kali1-amd64
uname -s = Linux
uname -v = #1 SMP Debian 4.3.3-5kali4 (2016-01-13)

/usr/bin/uname -p = unknown
/bin/uname -X     = unknown

/bin/arch              = unknown
/usr/bin/arch -k       = unknown
/usr/convex/getsysinfo = unknown
/usr/bin/hostinfo      = unknown
/bin/machine           = unknown
/usr/bin/oslevel       = unknown
/bin/universe          = unknown

PATH: /usr/local/sbin
PATH: /usr/local/bin
PATH: /usr/sbin
PATH: /usr/bin
PATH: /sbin
PATH: /bin


## ----------- ##
## Core tests. ##
## ----------- ##

configure:2925: checking for a BSD-compatible install
configure:2993: result: /usr/bin/install -c
configure:3004: checking whether build environment is sane
configure:3054: result: yes
configure:3195: checking for a thread-safe mkdir -p
configure:3234: result: /bin/mkdir -p
configure:3247: checking for gawk
configure:3277: result: no
configure:3247: checking for mawk
configure:3263: found /usr/bin/mawk
configure:3274: result: mawk
configure:3285: checking whether make sets $(MAKE)
configure:3307: result: yes
configure:3382: checking how to create a ustar tar archive
configure:3395: tar --version
tar (GNU tar) 1.28
Copyright (C) 2014 Free Software Foundation, Inc.
License GPLv3+: GNU GPL version 3 or later <http://gnu.org/licenses/gpl.html>.
This is free software: you are free to change and redistribute it.
There is NO WARRANTY, to the extent permitted by law.

Written by John Gilmore and Jay Fenlason.
configure:3398: $? = 0
configure:3438: tardir=conftest.dir && eval tar --format=ustar -chf - "$tardir" >conftest.tar
configure:3441: $? = 0
configure:3445: tar -xf - <conftest.tar
configure:3448: $? = 0
configure:3461: result: gnutar
configure:3469: checking whether to enable maintainer-specific portions of Makefiles
configure:3478: result: no
configure:3494: checking whether NLS is requested
configure:3503: result: yes
configure:3544: checking for msgfmt
configure:3579: result: no
configure:3585: checking for gmsgfmt
configure:3616: result: :
configure:3667: checking for xgettext
configure:3702: result: no
configure:3745: checking for msgmerge
configure:3779: result: no
configure:3821: checking for style of include used by make
configure:3849: result: GNU
configure:3920: checking for gcc
configure:3936: found /usr/bin/gcc
configure:3947: result: gcc
configure:4176: checking for C compiler version
configure:4185: gcc --version >&5
gcc (Debian 5.3.1-5) 5.3.1 20160101
Copyright (C) 2015 Free Software Foundation, Inc.
This is free software; see the source for copying conditions.  There is NO
warranty; not even for MERCHANTABILITY or FITNESS FOR A PARTICULAR PURPOSE.

configure:4196: $? = 0
configure:4185: gcc -v >&5
Using built-in specs.
COLLECT_GCC=gcc
COLLECT_LTO_WRAPPER=/usr/lib/gcc/x86_64-linux-gnu/5/lto-wrapper
Target: x86_64-linux-gnu
Configured with: ../src/configure -v --with-pkgversion='Debian 5.3.1-5' --with-bugurl=file:///usr/share/doc/gcc-5/README.Bugs --enable-languages=c,ada,c++,java,go,d,fortran,objc,obj-c++ --prefix=/usr --program-suffix=-5 --enable-shared --enable-linker-build-id --libexecdir=/usr/lib --without-included-gettext --enable-threads=posix --libdir=/usr/lib --enable-nls --with-sysroot=/ --enable-clocale=gnu --enable-libstdcxx-debug --enable-libstdcxx-time=yes --with-default-libstdcxx-abi=new --enable-gnu-unique-object --disable-vtable-verify --enable-libmpx --enable-plugin --with-system-zlib --disable-browser-plugin --enable-java-awt=gtk --enable-gtk-cairo --with-java-home=/usr/lib/jvm/java-1.5.0-gcj-5-amd64/jre --enable-java-home --with-jvm-root-dir=/usr/lib/jvm/java-1.5.0-gcj-5-amd64 --with-jvm-jar-dir=/usr/lib/jvm-exports/java-1.5.0-gcj-5-amd64 --with-arch-directory=amd64 --with-ecj-jar=/usr/share/java/eclipse-ecj.jar --enable-objc-gc --enable-multiarch --with-arch-32=i586 --with-abi=m64 --with-multilib-list=m32,m64,mx32 --enable-multilib --with-tune=generic --enable-checking=release --build=x86_64-linux-gnu --host=x86_64-linux-gnu --target=x86_64-linux-gnu
Thread model: posix
gcc version 5.3.1 20160101 (Debian 5.3.1-5) 
configure:4196: $? = 0
configure:4185: gcc -V >&5
gcc: error: unrecognized command line option '-V'
gcc: fatal error: no input files
compilation terminated.
configure:4196: $? = 1
configure:4185: gcc -qversion >&5
gcc: error: unrecognized command line option '-qversion'
gcc: fatal error: no input files
compilation terminated.
configure:4196: $? = 1
configure:4216: checking whether the C compiler works
configure:4238: gcc    conftest.c  >&5
configure:4242: $? = 0
configure:4290: result: yes
configure:4293: checking for C compiler default output file name
configure:4295: result: a.out
configure:4301: checking for suffix of executables
configure:4308: gcc -o conftest    conftest.c  >&5
configure:4312: $? = 0
configure:4334: result: 
configure:4356: checking whether we are cross compiling
configure:4364: gcc -o conftest    conftest.c  >&5
configure:4368: $? = 0
configure:4375: ./conftest
configure:4379: $? = 0
configure:4394: result: no
configure:4399: checking for suffix of object files
configure:4421: gcc -c   conftest.c >&5
configure:4425: $? = 0
configure:4446: result: o
configure:4450: checking whether we are using the GNU C compiler
configure:4469: gcc -c   conftest.c >&5
configure:4469: $? = 0
configure:4478: result: yes
configure:4487: checking whether gcc accepts -g
configure:4507: gcc -c -g  conftest.c >&5
configure:4507: $? = 0
configure:4548: result: yes
configure:4565: checking for gcc option to accept ISO C89
configure:4628: gcc  -c -g -O2  conftest.c >&5
configure:4628: $? = 0
configure:4641: result: none needed
configure:4663: checking dependency style of gcc
configure:4774: result: gcc3
configure:4793: checking build system type
configure:4807: result: x86_64-unknown-linux-gnu
configure:4827: checking host system type
configure:4840: result: x86_64-unknown-linux-gnu
configure:4884: checking for ld used by GCC
configure:4948: result: /usr/bin/ld
configure:4955: checking if the linker (/usr/bin/ld) is GNU ld
configure:4968: result: yes
configure:4975: checking for shared library run path origin
configure:4988: result: done
configure:5013: checking how to run the C preprocessor
configure:5044: gcc -E  conftest.c
configure:5044: $? = 0
configure:5058: gcc -E  conftest.c
conftest.c:11:28: fatal error: ac_nonexistent.h: No such file or directory
compilation terminated.
configure:5058: $? = 1
configure: failed program was:
| /* confdefs.h */
| #define PACKAGE_NAME "audacity"
| #define PACKAGE_TARNAME "audacity"
| #define PACKAGE_VERSION "2.0.6"
| #define PACKAGE_STRING "audacity 2.0.6"
| #define PACKAGE_BUGREPORT ""
| #define PACKAGE_URL ""
| #define PACKAGE "audacity"
| #define VERSION "2.0.6"
| /* end confdefs.h.  */
| #include <ac_nonexistent.h>
configure:5083: result: gcc -E
configure:5103: gcc -E  conftest.c
configure:5103: $? = 0
configure:5117: gcc -E  conftest.c
conftest.c:11:28: fatal error: ac_nonexistent.h: No such file or directory
compilation terminated.
configure:5117: $? = 1
configure: failed program was:
| /* confdefs.h */
| #define PACKAGE_NAME "audacity"
| #define PACKAGE_TARNAME "audacity"
| #define PACKAGE_VERSION "2.0.6"
| #define PACKAGE_STRING "audacity 2.0.6"
| #define PACKAGE_BUGREPORT ""
| #define PACKAGE_URL ""
| #define PACKAGE "audacity"
| #define VERSION "2.0.6"
| /* end confdefs.h.  */
| #include <ac_nonexistent.h>
configure:5146: checking for grep that handles long lines and -e
configure:5204: result: /bin/grep
configure:5209: checking for egrep
configure:5271: result: /bin/grep -E
configure:5829: checking for CFPreferencesCopyAppValue
configure:5847: gcc -o conftest -g -O2   conftest.c  -Wl,-framework -Wl,CoreFoundation >&5
conftest.c:11:42: fatal error: CoreFoundation/CFPreferences.h: No such file or directory
compilation terminated.
configure:5847: $? = 1
configure: failed program was:
| /* confdefs.h */
| #define PACKAGE_NAME "audacity"
| #define PACKAGE_TARNAME "audacity"
| #define PACKAGE_VERSION "2.0.6"
| #define PACKAGE_STRING "audacity 2.0.6"
| #define PACKAGE_BUGREPORT ""
| #define PACKAGE_URL ""
| #define PACKAGE "audacity"
| #define VERSION "2.0.6"
| /* end confdefs.h.  */
| #include <CoreFoundation/CFPreferences.h>
| int
| main ()
| {
| CFPreferencesCopyAppValue(NULL, NULL)
|   ;
|   return 0;
| }
configure:5856: result: no
configure:5863: checking for CFLocaleCopyCurrent
configure:5881: gcc -o conftest -g -O2   conftest.c  -Wl,-framework -Wl,CoreFoundation >&5
conftest.c:11:37: fatal error: CoreFoundation/CFLocale.h: No such file or directory
compilation terminated.
configure:5881: $? = 1
configure: failed program was:
| /* confdefs.h */
| #define PACKAGE_NAME "audacity"
| #define PACKAGE_TARNAME "audacity"
| #define PACKAGE_VERSION "2.0.6"
| #define PACKAGE_STRING "audacity 2.0.6"
| #define PACKAGE_BUGREPORT ""
| #define PACKAGE_URL ""
| #define PACKAGE "audacity"
| #define VERSION "2.0.6"
| /* end confdefs.h.  */
| #include <CoreFoundation/CFLocale.h>
| int
| main ()
| {
| CFLocaleCopyCurrent();
|   ;
|   return 0;
| }
configure:5890: result: no
configure:5939: checking for GNU gettext in libc
configure:5959: gcc -o conftest -g -O2   conftest.c  >&5
configure:5959: $? = 0
configure:5968: result: yes
configure:6759: checking whether to use NLS
configure:6761: result: yes
configure:6764: checking where the gettext function comes from
configure:6775: result: libc
configure:6837: checking for C compiler vendor
configure:6861: gcc -c -g -O2  conftest.c >&5
conftest.c: In function 'main':
conftest.c:20:7: error: 'thisisanerror' undeclared (first use in this function)
       thisisanerror;
       ^
conftest.c:20:7: note: each undeclared identifier is reported only once for each function it appears in
configure:6861: $? = 1
configure: failed program was:
| /* confdefs.h */
| #define PACKAGE_NAME "audacity"
| #define PACKAGE_TARNAME "audacity"
| #define PACKAGE_VERSION "2.0.6"
| #define PACKAGE_STRING "audacity 2.0.6"
| #define PACKAGE_BUGREPORT ""
| #define PACKAGE_URL ""
| #define PACKAGE "audacity"
| #define VERSION "2.0.6"
| #define ENABLE_NLS 1
| #define HAVE_GETTEXT 1
| #define HAVE_DCGETTEXT 1
| /* end confdefs.h.  */
| 
| int
| main ()
| {
| 
| #if !(defined(__ICC) || defined(__ECC) || defined(__INTEL_COMPILER))
|       thisisanerror;
| #endif
| 
|   ;
|   return 0;
| }
configure:6861: gcc -c -g -O2  conftest.c >&5
conftest.c: In function 'main':
conftest.c:20:7: error: 'thisisanerror' undeclared (first use in this function)
       thisisanerror;
       ^
conftest.c:20:7: note: each undeclared identifier is reported only once for each function it appears in
configure:6861: $? = 1
configure: failed program was:
| /* confdefs.h */
| #define PACKAGE_NAME "audacity"
| #define PACKAGE_TARNAME "audacity"
| #define PACKAGE_VERSION "2.0.6"
| #define PACKAGE_STRING "audacity 2.0.6"
| #define PACKAGE_BUGREPORT ""
| #define PACKAGE_URL ""
| #define PACKAGE "audacity"
| #define VERSION "2.0.6"
| #define ENABLE_NLS 1
| #define HAVE_GETTEXT 1
| #define HAVE_DCGETTEXT 1
| /* end confdefs.h.  */
| 
| int
| main ()
| {
| 
| #if !(defined(__xlc__) || defined(__xlC__) || defined(__IBMC__) || defined(__IBMCPP__))
|       thisisanerror;
| #endif
| 
|   ;
|   return 0;
| }
configure:6861: gcc -c -g -O2  conftest.c >&5
conftest.c: In function 'main':
conftest.c:20:7: error: 'thisisanerror' undeclared (first use in this function)
       thisisanerror;
       ^
conftest.c:20:7: note: each undeclared identifier is reported only once for each function it appears in
configure:6861: $? = 1
configure: failed program was:
| /* confdefs.h */
| #define PACKAGE_NAME "audacity"
| #define PACKAGE_TARNAME "audacity"
| #define PACKAGE_VERSION "2.0.6"
| #define PACKAGE_STRING "audacity 2.0.6"
| #define PACKAGE_BUGREPORT ""
| #define PACKAGE_URL ""
| #define PACKAGE "audacity"
| #define VERSION "2.0.6"
| #define ENABLE_NLS 1
| #define HAVE_GETTEXT 1
| #define HAVE_DCGETTEXT 1
| /* end confdefs.h.  */
| 
| int
| main ()
| {
| 
| #if !(defined(__PATHCC__) || defined(__PATHSCALE__))
|       thisisanerror;
| #endif
| 
|   ;
|   return 0;
| }
configure:6861: gcc -c -g -O2  conftest.c >&5
configure:6861: $? = 0
configure:6868: result: gnu
configure:6919: checking for gcc
configure:6946: result: gcc
configure:7175: checking for C compiler version
configure:7184: gcc --version >&5
gcc (Debian 5.3.1-5) 5.3.1 20160101
Copyright (C) 2015 Free Software Foundation, Inc.
This is free software; see the source for copying conditions.  There is NO
warranty; not even for MERCHANTABILITY or FITNESS FOR A PARTICULAR PURPOSE.

configure:7195: $? = 0
configure:7184: gcc -v >&5
Using built-in specs.
COLLECT_GCC=gcc
COLLECT_LTO_WRAPPER=/usr/lib/gcc/x86_64-linux-gnu/5/lto-wrapper
Target: x86_64-linux-gnu
Configured with: ../src/configure -v --with-pkgversion='Debian 5.3.1-5' --with-bugurl=file:///usr/share/doc/gcc-5/README.Bugs --enable-languages=c,ada,c++,java,go,d,fortran,objc,obj-c++ --prefix=/usr --program-suffix=-5 --enable-shared --enable-linker-build-id --libexecdir=/usr/lib --without-included-gettext --enable-threads=posix --libdir=/usr/lib --enable-nls --with-sysroot=/ --enable-clocale=gnu --enable-libstdcxx-debug --enable-libstdcxx-time=yes --with-default-libstdcxx-abi=new --enable-gnu-unique-object --disable-vtable-verify --enable-libmpx --enable-plugin --with-system-zlib --disable-browser-plugin --enable-java-awt=gtk --enable-gtk-cairo --with-java-home=/usr/lib/jvm/java-1.5.0-gcj-5-amd64/jre --enable-java-home --with-jvm-root-dir=/usr/lib/jvm/java-1.5.0-gcj-5-amd64 --with-jvm-jar-dir=/usr/lib/jvm-exports/java-1.5.0-gcj-5-amd64 --with-arch-directory=amd64 --with-ecj-jar=/usr/share/java/eclipse-ecj.jar --enable-objc-gc --enable-multiarch --with-arch-32=i586 --with-abi=m64 --with-multilib-list=m32,m64,mx32 --enable-multilib --with-tune=generic --enable-checking=release --build=x86_64-linux-gnu --host=x86_64-linux-gnu --target=x86_64-linux-gnu
Thread model: posix
gcc version 5.3.1 20160101 (Debian 5.3.1-5) 
configure:7195: $? = 0
configure:7184: gcc -V >&5
gcc: error: unrecognized command line option '-V'
gcc: fatal error: no input files
compilation terminated.
configure:7195: $? = 1
configure:7184: gcc -qversion >&5
gcc: error: unrecognized command line option '-qversion'
gcc: fatal error: no input files
compilation terminated.
configure:7195: $? = 1
configure:7199: checking whether we are using the GNU C compiler
configure:7227: result: yes
configure:7236: checking whether gcc accepts -g
configure:7297: result: yes
configure:7314: checking for gcc option to accept ISO C89
configure:7390: result: none needed
configure:7412: checking dependency style of gcc
configure:7523: result: gcc3
configure:7602: checking for g++
configure:7618: found /usr/bin/g++
configure:7629: result: g++
configure:7656: checking for C++ compiler version
configure:7665: g++ --version >&5
g++ (Debian 5.3.1-5) 5.3.1 20160101
Copyright (C) 2015 Free Software Foundation, Inc.
This is free software; see the source for copying conditions.  There is NO
warranty; not even for MERCHANTABILITY or FITNESS FOR A PARTICULAR PURPOSE.

configure:7676: $? = 0
configure:7665: g++ -v >&5
Using built-in specs.
COLLECT_GCC=g++
COLLECT_LTO_WRAPPER=/usr/lib/gcc/x86_64-linux-gnu/5/lto-wrapper
Target: x86_64-linux-gnu
Configured with: ../src/configure -v --with-pkgversion='Debian 5.3.1-5' --with-bugurl=file:///usr/share/doc/gcc-5/README.Bugs --enable-languages=c,ada,c++,java,go,d,fortran,objc,obj-c++ --prefix=/usr --program-suffix=-5 --enable-shared --enable-linker-build-id --libexecdir=/usr/lib --without-included-gettext --enable-threads=posix --libdir=/usr/lib --enable-nls --with-sysroot=/ --enable-clocale=gnu --enable-libstdcxx-debug --enable-libstdcxx-time=yes --with-default-libstdcxx-abi=new --enable-gnu-unique-object --disable-vtable-verify --enable-libmpx --enable-plugin --with-system-zlib --disable-browser-plugin --enable-java-awt=gtk --enable-gtk-cairo --with-java-home=/usr/lib/jvm/java-1.5.0-gcj-5-amd64/jre --enable-java-home --with-jvm-root-dir=/usr/lib/jvm/java-1.5.0-gcj-5-amd64 --with-jvm-jar-dir=/usr/lib/jvm-exports/java-1.5.0-gcj-5-amd64 --with-arch-directory=amd64 --with-ecj-jar=/usr/share/java/eclipse-ecj.jar --enable-objc-gc --enable-multiarch --with-arch-32=i586 --with-abi=m64 --with-multilib-list=m32,m64,mx32 --enable-multilib --with-tune=generic --enable-checking=release --build=x86_64-linux-gnu --host=x86_64-linux-gnu --target=x86_64-linux-gnu
Thread model: posix
gcc version 5.3.1 20160101 (Debian 5.3.1-5) 
configure:7676: $? = 0
configure:7665: g++ -V >&5
g++: error: unrecognized command line option '-V'
g++: fatal error: no input files
compilation terminated.
configure:7676: $? = 1
configure:7665: g++ -qversion >&5
g++: error: unrecognized command line option '-qversion'
g++: fatal error: no input files
compilation terminated.
configure:7676: $? = 1
configure:7680: checking whether we are using the GNU C++ compiler
configure:7699: g++ -c   conftest.cpp >&5
configure:7699: $? = 0
configure:7708: result: yes
configure:7717: checking whether g++ accepts -g
configure:7737: g++ -c -g  conftest.cpp >&5
configure:7737: $? = 0
configure:7778: result: yes
configure:7803: checking dependency style of g++
configure:7914: result: gcc3
configure:7934: checking how to run the C++ preprocessor
configure:7961: g++ -E  conftest.cpp
configure:7961: $? = 0
configure:7975: g++ -E  conftest.cpp
conftest.cpp:14:28: fatal error: ac_nonexistent.h: No such file or directory
compilation terminated.
configure:7975: $? = 1
configure: failed program was:
| /* confdefs.h */
| #define PACKAGE_NAME "audacity"
| #define PACKAGE_TARNAME "audacity"
| #define PACKAGE_VERSION "2.0.6"
| #define PACKAGE_STRING "audacity 2.0.6"
| #define PACKAGE_BUGREPORT ""
| #define PACKAGE_URL ""
| #define PACKAGE "audacity"
| #define VERSION "2.0.6"
| #define ENABLE_NLS 1
| #define HAVE_GETTEXT 1
| #define HAVE_DCGETTEXT 1
| /* end confdefs.h.  */
| #include <ac_nonexistent.h>
configure:8000: result: g++ -E
configure:8020: g++ -E  conftest.cpp
configure:8020: $? = 0
configure:8034: g++ -E  conftest.cpp
conftest.cpp:14:28: fatal error: ac_nonexistent.h: No such file or directory
compilation terminated.
configure:8034: $? = 1
configure: failed program was:
| /* confdefs.h */
| #define PACKAGE_NAME "audacity"
| #define PACKAGE_TARNAME "audacity"
| #define PACKAGE_VERSION "2.0.6"
| #define PACKAGE_STRING "audacity 2.0.6"
| #define PACKAGE_BUGREPORT ""
| #define PACKAGE_URL ""
| #define PACKAGE "audacity"
| #define VERSION "2.0.6"
| #define ENABLE_NLS 1
| #define HAVE_GETTEXT 1
| #define HAVE_DCGETTEXT 1
| /* end confdefs.h.  */
| #include <ac_nonexistent.h>
configure:8116: checking for ar
configure:8132: found /usr/bin/ar
configure:8143: result: ar
configure:8169: checking the archiver (ar) interface
configure:8179: g++ -c   conftest.cpp >&5
configure:8179: $? = 0
configure:8181: ar cru libconftest.a conftest.o >&5
ar: `u' modifier ignored since `D' is the default (see `U')
configure:8184: $? = 0
configure:8207: result: ar
configure:8274: checking how to print strings
configure:8301: result: printf
configure:8322: checking for a sed that does not truncate output
configure:8386: result: /bin/sed
configure:8404: checking for fgrep
configure:8466: result: /bin/grep -F
configure:8501: checking for ld used by gcc
configure:8568: result: /usr/bin/ld
configure:8575: checking if the linker (/usr/bin/ld) is GNU ld
configure:8590: result: yes
configure:8602: checking for BSD- or MS-compatible name lister (nm)
configure:8651: result: /usr/bin/nm -B
configure:8781: checking the name lister (/usr/bin/nm -B) interface
configure:8788: g++ -c   conftest.cpp >&5
configure:8791: /usr/bin/nm -B "conftest.o"
configure:8794: output
0000000000000000 B some_variable
configure:8801: result: BSD nm
configure:8804: checking whether ln -s works
configure:8808: result: yes
configure:8816: checking the maximum length of command line arguments
configure:8946: result: 1572864
configure:8963: checking whether the shell understands some XSI constructs
configure:8973: result: yes
configure:8977: checking whether the shell understands "+="
configure:8983: result: yes
configure:9018: checking how to convert x86_64-unknown-linux-gnu file names to x86_64-unknown-linux-gnu format
configure:9058: result: func_convert_file_noop
configure:9065: checking how to convert x86_64-unknown-linux-gnu file names to toolchain format
configure:9085: result: func_convert_file_noop
configure:9092: checking for /usr/bin/ld option to reload object files
configure:9099: result: -r
configure:9173: checking for objdump
configure:9189: found /usr/bin/objdump
configure:9200: result: objdump
configure:9232: checking how to recognize dependent libraries
configure:9434: result: pass_all
configure:9519: checking for dlltool
configure:9549: result: no
configure:9579: checking how to associate runtime and link libraries
configure:9606: result: printf %s\n
configure:9730: checking for archiver @FILE support
configure:9747: g++ -c   conftest.cpp >&5
configure:9747: $? = 0
configure:9750: ar cru libconftest.a @conftest.lst >&5
ar: `u' modifier ignored since `D' is the default (see `U')
configure:9753: $? = 0
configure:9758: ar cru libconftest.a @conftest.lst >&5
ar: `u' modifier ignored since `D' is the default (see `U')
ar: conftest.o: No such file or directory
configure:9761: $? = 1
configure:9773: result: @
configure:9831: checking for strip
configure:9847: found /usr/bin/strip
configure:9858: result: strip
configure:9930: checking for ranlib
configure:9946: found /usr/bin/ranlib
configure:9957: result: ranlib
configure:10059: checking command to parse /usr/bin/nm -B output from gcc object
configure:10179: g++ -c   conftest.cpp >&5
configure:10182: $? = 0
configure:10186: /usr/bin/nm -B conftest.o \| sed -n -e 's/^.*[ ]\([ABCDGIRSTW][ABCDGIRSTW]*\)[ ][ ]*\([_A-Za-z][_A-Za-z0-9]*\)$/\1 \2 \2/p' | sed '/ __gnu_lto/d' \> conftest.nm
configure:10189: $? = 0
configure:10255: g++ -o conftest    conftest.cpp conftstm.o >&5
configure:10258: $? = 0
configure:10296: result: ok
configure:10333: checking for sysroot
configure:10363: result: no
configure:10440: g++ -c   conftest.cpp >&5
configure:10443: $? = 0
configure:10625: checking for mt
configure:10641: found /bin/mt
configure:10652: result: mt
configure:10675: checking if mt is a manifest tool
configure:10681: mt '-?'
configure:10689: result: no
configure:11326: checking for ANSI C header files
configure:11346: g++ -c   conftest.cpp >&5
configure:11346: $? = 0
configure:11419: g++ -o conftest    conftest.cpp  >&5
configure:11419: $? = 0
configure:11419: ./conftest
configure:11419: $? = 0
configure:11430: result: yes
configure:11443: checking for sys/types.h
configure:11443: g++ -c   conftest.cpp >&5
configure:11443: $? = 0
configure:11443: result: yes
configure:11443: checking for sys/stat.h
configure:11443: g++ -c   conftest.cpp >&5
configure:11443: $? = 0
configure:11443: result: yes
configure:11443: checking for stdlib.h
configure:11443: g++ -c   conftest.cpp >&5
configure:11443: $? = 0
configure:11443: result: yes
configure:11443: checking for string.h
configure:11443: g++ -c   conftest.cpp >&5
configure:11443: $? = 0
configure:11443: result: yes
configure:11443: checking for memory.h
configure:11443: g++ -c   conftest.cpp >&5
configure:11443: $? = 0
configure:11443: result: yes
configure:11443: checking for strings.h
configure:11443: g++ -c   conftest.cpp >&5
configure:11443: $? = 0
configure:11443: result: yes
configure:11443: checking for inttypes.h
configure:11443: g++ -c   conftest.cpp >&5
configure:11443: $? = 0
configure:11443: result: yes
configure:11443: checking for stdint.h
configure:11443: g++ -c   conftest.cpp >&5
configure:11443: $? = 0
configure:11443: result: yes
configure:11443: checking for unistd.h
configure:11443: g++ -c   conftest.cpp >&5
configure:11443: $? = 0
configure:11443: result: yes
configure:11457: checking for dlfcn.h
configure:11457: g++ -c   conftest.cpp >&5
configure:11457: $? = 0
configure:11457: result: yes
configure:11672: checking for objdir
configure:11687: result: .libs
configure:11958: checking if gcc supports -fno-rtti -fno-exceptions
configure:11976: gcc -c -g -O2  -fno-rtti -fno-exceptions conftest.c >&5
cc1: warning: command line option '-fno-rtti' is valid for C++/ObjC++ but not for C
configure:11980: $? = 0
configure:11993: result: no
configure:12320: checking for gcc option to produce PIC
configure:12327: result: -fPIC -DPIC
configure:12335: checking if gcc PIC flag -fPIC -DPIC works
configure:12353: gcc -c -g -O2  -fPIC -DPIC -DPIC conftest.c >&5
configure:12357: $? = 0
configure:12370: result: yes
configure:12399: checking if gcc static flag -static works
configure:12427: result: yes
configure:12442: checking if gcc supports -c -o file.o
configure:12463: gcc -c -g -O2  -o out/conftest2.o conftest.c >&5
configure:12467: $? = 0
configure:12489: result: yes
configure:12497: checking if gcc supports -c -o file.o
configure:12544: result: yes
configure:12577: checking whether the gcc linker (/usr/bin/ld -m elf_x86_64) supports shared libraries
configure:13730: result: yes
configure:13970: checking dynamic linker characteristics
configure:14481: gcc -o conftest -g -O2   -Wl,-rpath -Wl,/foo conftest.c  >&5
configure:14481: $? = 0
configure:14707: result: GNU/Linux ld.so
configure:14814: checking how to hardcode library paths into programs
configure:14839: result: immediate
configure:15379: checking whether stripping libraries is possible
configure:15384: result: yes
configure:15419: checking if libtool supports shared libraries
configure:15421: result: yes
configure:15424: checking whether to build shared libraries
configure:15445: result: no
configure:15448: checking whether to build static libraries
configure:15452: result: yes
configure:15475: checking how to run the C++ preprocessor
configure:15541: result: g++ -E
configure:15561: g++ -E  conftest.cpp
configure:15561: $? = 0
configure:15575: g++ -E  conftest.cpp
conftest.cpp:26:28: fatal error: ac_nonexistent.h: No such file or directory
compilation terminated.
configure:15575: $? = 1
configure: failed program was:
| /* confdefs.h */
| #define PACKAGE_NAME "audacity"
| #define PACKAGE_TARNAME "audacity"
| #define PACKAGE_VERSION "2.0.6"
| #define PACKAGE_STRING "audacity 2.0.6"
| #define PACKAGE_BUGREPORT ""
| #define PACKAGE_URL ""
| #define PACKAGE "audacity"
| #define VERSION "2.0.6"
| #define ENABLE_NLS 1
| #define HAVE_GETTEXT 1
| #define HAVE_DCGETTEXT 1
| #define STDC_HEADERS 1
| #define HAVE_SYS_TYPES_H 1
| #define HAVE_SYS_STAT_H 1
| #define HAVE_STDLIB_H 1
| #define HAVE_STRING_H 1
| #define HAVE_MEMORY_H 1
| #define HAVE_STRINGS_H 1
| #define HAVE_INTTYPES_H 1
| #define HAVE_STDINT_H 1
| #define HAVE_UNISTD_H 1
| #define HAVE_DLFCN_H 1
| #define LT_OBJDIR ".libs/"
| /* end confdefs.h.  */
| #include <ac_nonexistent.h>
configure:15744: checking for ld used by g++
configure:15811: result: /usr/bin/ld -m elf_x86_64
configure:15818: checking if the linker (/usr/bin/ld -m elf_x86_64) is GNU ld
configure:15833: result: yes
configure:15888: checking whether the g++ linker (/usr/bin/ld -m elf_x86_64) supports shared libraries
configure:16893: result: yes
configure:16929: g++ -c   conftest.cpp >&5
configure:16932: $? = 0
configure:17452: checking for g++ option to produce PIC
configure:17459: result: -fPIC -DPIC
configure:17467: checking if g++ PIC flag -fPIC -DPIC works
configure:17485: g++ -c   -fPIC -DPIC -DPIC conftest.cpp >&5
configure:17489: $? = 0
configure:17502: result: yes
configure:17525: checking if g++ static flag -static works
configure:17553: result: yes
configure:17565: checking if g++ supports -c -o file.o
configure:17586: g++ -c   -o out/conftest2.o conftest.cpp >&5
configure:17590: $? = 0
configure:17612: result: yes
configure:17617: checking if g++ supports -c -o file.o
configure:17664: result: yes
configure:17694: checking whether the g++ linker (/usr/bin/ld -m elf_x86_64) supports shared libraries
configure:17730: result: yes
configure:17871: checking dynamic linker characteristics
configure:18542: result: GNU/Linux ld.so
configure:18595: checking how to hardcode library paths into programs
configure:18620: result: immediate
configure:18685: checking for pkg-config
configure:18713: result: no
configure:18722: error: pkg-config is required to compile audacity!

## ---------------- ##
## Cache variables. ##
## ---------------- ##

ac_cv_build=x86_64-unknown-linux-gnu
ac_cv_c_compiler_gnu=yes
ac_cv_cxx_compiler_gnu=yes
ac_cv_env_AVCODEC_CFLAGS_set=
ac_cv_env_AVCODEC_CFLAGS_value=
ac_cv_env_AVCODEC_LIBS_set=
ac_cv_env_AVCODEC_LIBS_value=
ac_cv_env_AVFORMAT_CFLAGS_set=
ac_cv_env_AVFORMAT_CFLAGS_value=
ac_cv_env_AVFORMAT_LIBS_set=
ac_cv_env_AVFORMAT_LIBS_value=
ac_cv_env_AVUTIL_CFLAGS_set=
ac_cv_env_AVUTIL_CFLAGS_value=
ac_cv_env_AVUTIL_LIBS_set=
ac_cv_env_AVUTIL_LIBS_value=
ac_cv_env_CCC_set=
ac_cv_env_CCC_value=
ac_cv_env_CC_set=
ac_cv_env_CC_value=
ac_cv_env_CFLAGS_set=
ac_cv_env_CFLAGS_value=
ac_cv_env_CPPFLAGS_set=
ac_cv_env_CPPFLAGS_value=
ac_cv_env_CPP_set=
ac_cv_env_CPP_value=
ac_cv_env_CXXCPP_set=
ac_cv_env_CXXCPP_value=
ac_cv_env_CXXFLAGS_set=
ac_cv_env_CXXFLAGS_value=
ac_cv_env_CXX_set=
ac_cv_env_CXX_value=
ac_cv_env_EXPAT_CFLAGS_set=
ac_cv_env_EXPAT_CFLAGS_value=
ac_cv_env_EXPAT_LIBS_set=
ac_cv_env_EXPAT_LIBS_value=
ac_cv_env_FLAC_CFLAGS_set=
ac_cv_env_FLAC_CFLAGS_value=
ac_cv_env_FLAC_LIBS_set=
ac_cv_env_FLAC_LIBS_value=
ac_cv_env_GTK_CFLAGS_set=
ac_cv_env_GTK_CFLAGS_value=
ac_cv_env_GTK_LIBS_set=
ac_cv_env_GTK_LIBS_value=
ac_cv_env_ID3TAG_CFLAGS_set=
ac_cv_env_ID3TAG_CFLAGS_value=
ac_cv_env_ID3TAG_LIBS_set=
ac_cv_env_ID3TAG_LIBS_value=
ac_cv_env_JACK_CFLAGS_set=
ac_cv_env_JACK_CFLAGS_value=
ac_cv_env_JACK_LIBS_set=
ac_cv_env_JACK_LIBS_value=
ac_cv_env_LDFLAGS_set=
ac_cv_env_LDFLAGS_value=
ac_cv_env_LIBMAD_CFLAGS_set=
ac_cv_env_LIBMAD_CFLAGS_value=
ac_cv_env_LIBMAD_LIBS_set=
ac_cv_env_LIBMAD_LIBS_value=
ac_cv_env_LIBSAMPLERATE_SYSTEM_CFLAGS_set=
ac_cv_env_LIBSAMPLERATE_SYSTEM_CFLAGS_value=
ac_cv_env_LIBSAMPLERATE_SYSTEM_LIBS_set=
ac_cv_env_LIBSAMPLERATE_SYSTEM_LIBS_value=
ac_cv_env_LIBS_set=
ac_cv_env_LIBS_value=
ac_cv_env_LIBTWOLAME_CFLAGS_set=
ac_cv_env_LIBTWOLAME_CFLAGS_value=
ac_cv_env_LIBTWOLAME_LIBS_set=
ac_cv_env_LIBTWOLAME_LIBS_value=
ac_cv_env_LIBVORBIS_CFLAGS_set=
ac_cv_env_LIBVORBIS_CFLAGS_value=
ac_cv_env_LIBVORBIS_LIBS_set=
ac_cv_env_LIBVORBIS_LIBS_value=
ac_cv_env_LV2_CFLAGS_set=
ac_cv_env_LV2_CFLAGS_value=
ac_cv_env_LV2_LIBS_set=
ac_cv_env_LV2_LIBS_value=
ac_cv_env_PKG_CONFIG_set=
ac_cv_env_PKG_CONFIG_value=
ac_cv_env_PORTAUDIO_CFLAGS_set=
ac_cv_env_PORTAUDIO_CFLAGS_value=
ac_cv_env_PORTAUDIO_LIBS_set=
ac_cv_env_PORTAUDIO_LIBS_value=
ac_cv_env_PORTSMF_CFLAGS_set=
ac_cv_env_PORTSMF_CFLAGS_value=
ac_cv_env_PORTSMF_LIBS_set=
ac_cv_env_PORTSMF_LIBS_value=
ac_cv_env_SBSMS_CFLAGS_set=
ac_cv_env_SBSMS_CFLAGS_value=
ac_cv_env_SBSMS_LIBS_set=
ac_cv_env_SBSMS_LIBS_value=
ac_cv_env_SNDFILE_CFLAGS_set=
ac_cv_env_SNDFILE_CFLAGS_value=
ac_cv_env_SNDFILE_LIBS_set=
ac_cv_env_SNDFILE_LIBS_value=
ac_cv_env_SOUNDTOUCH_CFLAGS_set=
ac_cv_env_SOUNDTOUCH_CFLAGS_value=
ac_cv_env_SOUNDTOUCH_LIBS_set=
ac_cv_env_SOUNDTOUCH_LIBS_value=
ac_cv_env_SOXR_CFLAGS_set=
ac_cv_env_SOXR_CFLAGS_value=
ac_cv_env_SOXR_LIBS_set=
ac_cv_env_SOXR_LIBS_value=
ac_cv_env_VAMP_CFLAGS_set=
ac_cv_env_VAMP_CFLAGS_value=
ac_cv_env_VAMP_LIBS_set=
ac_cv_env_VAMP_LIBS_value=
ac_cv_env_WIDGETEXTRA_CFLAGS_set=
ac_cv_env_WIDGETEXTRA_CFLAGS_value=
ac_cv_env_WIDGETEXTRA_LIBS_set=
ac_cv_env_WIDGETEXTRA_LIBS_value=
ac_cv_env_build_alias_set=
ac_cv_env_build_alias_value=
ac_cv_env_host_alias_set=
ac_cv_env_host_alias_value=
ac_cv_env_target_alias_set=
ac_cv_env_target_alias_value=
ac_cv_header_dlfcn_h=yes
ac_cv_header_inttypes_h=yes
ac_cv_header_memory_h=yes
ac_cv_header_stdc=yes
ac_cv_header_stdint_h=yes
ac_cv_header_stdlib_h=yes
ac_cv_header_string_h=yes
ac_cv_header_strings_h=yes
ac_cv_header_sys_stat_h=yes
ac_cv_header_sys_types_h=yes
ac_cv_header_unistd_h=yes
ac_cv_host=x86_64-unknown-linux-gnu
ac_cv_objext=o
ac_cv_path_EGREP='/bin/grep -E'
ac_cv_path_FGREP='/bin/grep -F'
ac_cv_path_GMSGFMT=:
ac_cv_path_GREP=/bin/grep
ac_cv_path_MSGFMT=:
ac_cv_path_MSGMERGE=:
ac_cv_path_SED=/bin/sed
ac_cv_path_XGETTEXT=:
ac_cv_path_install='/usr/bin/install -c'
ac_cv_path_mkdir=/bin/mkdir
ac_cv_prog_AWK=mawk
ac_cv_prog_CPP='gcc -E'
ac_cv_prog_CXXCPP='g++ -E'
ac_cv_prog_HAVE_PKG_CONFIG=no
ac_cv_prog_ac_ct_AR=ar
ac_cv_prog_ac_ct_CC=gcc
ac_cv_prog_ac_ct_CXX=g++
ac_cv_prog_ac_ct_MANIFEST_TOOL=mt
ac_cv_prog_ac_ct_OBJDUMP=objdump
ac_cv_prog_ac_ct_RANLIB=ranlib
ac_cv_prog_ac_ct_STRIP=strip
ac_cv_prog_cc_c89=
ac_cv_prog_cc_g=yes
ac_cv_prog_cxx_g=yes
ac_cv_prog_make_make_set=yes
acl_cv_hardcode_direct=no
acl_cv_hardcode_libdir_flag_spec='${wl}-rpath ${wl}$libdir'
acl_cv_hardcode_libdir_separator=
acl_cv_hardcode_minus_L=no
acl_cv_libext=a
acl_cv_libname_spec='lib$name'
acl_cv_library_names_spec='$libname$shrext'
acl_cv_path_LD=/usr/bin/ld
acl_cv_prog_gnu_ld=yes
acl_cv_rpath=done
acl_cv_shlibext=so
acl_cv_wl=-Wl,
am_cv_CC_dependencies_compiler_type=gcc3
am_cv_CXX_dependencies_compiler_type=gcc3
am_cv_ar_interface=ar
am_cv_prog_tar_ustar=gnutar
ax_cv_c_compiler_vendor=gnu
gt_cv_func_CFLocaleCopyCurrent=no
gt_cv_func_CFPreferencesCopyAppValue=no
gt_cv_func_gnugettext1_libc=yes
lt_cv_ar_at_file=@
lt_cv_deplibs_check_method=pass_all
lt_cv_file_magic_cmd='$MAGIC_CMD'
lt_cv_file_magic_test_file=
lt_cv_ld_reload_flag=-r
lt_cv_nm_interface='BSD nm'
lt_cv_objdir=.libs
lt_cv_path_LD=/usr/bin/ld
lt_cv_path_LDCXX='/usr/bin/ld -m elf_x86_64'
lt_cv_path_NM='/usr/bin/nm -B'
lt_cv_path_mainfest_tool=no
lt_cv_prog_compiler_c_o=yes
lt_cv_prog_compiler_c_o_CXX=yes
lt_cv_prog_compiler_pic='-fPIC -DPIC'
lt_cv_prog_compiler_pic_CXX='-fPIC -DPIC'
lt_cv_prog_compiler_pic_works=yes
lt_cv_prog_compiler_pic_works_CXX=yes
lt_cv_prog_compiler_rtti_exceptions=no
lt_cv_prog_compiler_static_works=yes
lt_cv_prog_compiler_static_works_CXX=yes
lt_cv_prog_gnu_ld=yes
lt_cv_prog_gnu_ldcxx=yes
lt_cv_sharedlib_from_linklib_cmd='printf %s\n'
lt_cv_shlibpath_overrides_runpath=no
lt_cv_sys_global_symbol_pipe='sed -n -e '\''s/^.*[	 ]\([ABCDGIRSTW][ABCDGIRSTW]*\)[	 ][	 ]*\([_A-Za-z][_A-Za-z0-9]*\)$/\1 \2 \2/p'\'' | sed '\''/ __gnu_lto/d'\'''
lt_cv_sys_global_symbol_to_c_name_address='sed -n -e '\''s/^: \([^ ]*\)[ ]*$/  {\"\1\", (void *) 0},/p'\'' -e '\''s/^[ABCDGIRSTW]* \([^ ]*\) \([^ ]*\)$/  {"\2", (void *) \&\2},/p'\'''
lt_cv_sys_global_symbol_to_c_name_address_lib_prefix='sed -n -e '\''s/^: \([^ ]*\)[ ]*$/  {\"\1\", (void *) 0},/p'\'' -e '\''s/^[ABCDGIRSTW]* \([^ ]*\) \(lib[^ ]*\)$/  {"\2", (void *) \&\2},/p'\'' -e '\''s/^[ABCDGIRSTW]* \([^ ]*\) \([^ ]*\)$/  {"lib\2", (void *) \&\2},/p'\'''
lt_cv_sys_global_symbol_to_cdecl='sed -n -e '\''s/^T .* \(.*\)$/extern int \1();/p'\'' -e '\''s/^[ABCDGIRSTW]* .* \(.*\)$/extern char \1;/p'\'''
lt_cv_sys_max_cmd_len=1572864
lt_cv_to_host_file_cmd=func_convert_file_noop
lt_cv_to_tool_file_cmd=func_convert_file_noop

## ----------------- ##
## Output variables. ##
## ----------------- ##

ACLOCAL='${SHELL} /root/Downloads/audacity-minsrc-2.1.0/autotools/missing --run aclocal-1.11'
AMDEPBACKSLASH='\'
AMDEP_FALSE='#'
AMDEP_TRUE=''
AMTAR='$${TAR-tar}'
AR='ar'
AUDACITY_NAME=''
AUTOCONF='${SHELL} /root/Downloads/audacity-minsrc-2.1.0/autotools/missing --run autoconf'
AUTOHEADER='${SHELL} /root/Downloads/audacity-minsrc-2.1.0/autotools/missing --run autoheader'
AUTOMAKE='${SHELL} /root/Downloads/audacity-minsrc-2.1.0/autotools/missing --run automake-1.11'
AVCODEC_CFLAGS=''
AVCODEC_LIBS=''
AVFORMAT_CFLAGS=''
AVFORMAT_LIBS=''
AVUTIL_CFLAGS=''
AVUTIL_LIBS=''
AWK='mawk'
BUILD_LDFLAGS=''
CC='gcc'
CCDEPMODE='depmode=gcc3'
CDEPEND=''
CFLAGS='-g -O2'
CFLAG_VISIBILITY=''
CONFIGHEADER=''
CPP='gcc -E'
CPPFLAGS=''
CXX='g++'
CXXCPP='g++ -E'
CXXDEPMODE='depmode=gcc3'
CXXFLAGS=''
CYGPATH_W='echo'
DEFS=''
DEPDIR='.deps'
DLLTOOL='false'
DSYMUTIL=''
DUMPBIN=''
ECHO_C=''
ECHO_N='-n'
ECHO_T=''
EGREP='/bin/grep -E'
EXEEXT=''
EXPAT_CFLAGS=''
EXPAT_LIBS=''
EXTRATARGETS=''
FFMPEG_CFLAGS=''
FFMPEG_LIBS=''
FGREP='/bin/grep -F'
FILEDIALOG_LIBS=''
FLAC_CFLAGS=''
FLAC_LIBS=''
GETTEXT_MACRO_VERSION='0.18'
GMSGFMT=':'
GMSGFMT_015=':'
GREP='/bin/grep'
GSTREAMER_CFLAGS=''
GSTREAMER_LIBS=''
GTK_CFLAGS=''
GTK_LIBS=''
HAVE_GTK=''
HAVE_PKG_CONFIG='no'
HAVE_VISIBILITY=''
ID3TAG_CFLAGS=''
ID3TAG_LIBS=''
INSTALL_DATA='${INSTALL} -m 644'
INSTALL_PREFIX=''
INSTALL_PROGRAM='${INSTALL}'
INSTALL_SCRIPT='${INSTALL}'
INSTALL_STRIP_PROGRAM='$(install_sh) -c -s'
INTLLIBS=''
INTL_MACOSX_LIBS=''
JACK_CFLAGS=''
JACK_LIBS=''
LAME_CFLAGS=''
LAME_LIBS=''
LD='/usr/bin/ld -m elf_x86_64'
LDFLAGS=''
LIBICONV='-liconv'
LIBINTL=''
LIBMAD_CFLAGS=''
LIBMAD_LIBS=''
LIBNYQUIST_CFLAGS=''
LIBNYQUIST_LIBS=''
LIBOBJS=''
LIBRESAMPLE_CFLAGS=''
LIBRESAMPLE_LIBS=''
LIBS=''
LIBSAMPLERATE_SYSTEM_CFLAGS=''
LIBSAMPLERATE_SYSTEM_LIBS=''
LIBTOOL='$(SHELL) $(top_builddir)/libtool'
LIBTWOLAME_CFLAGS=''
LIBTWOLAME_LIBS=''
LIBVORBIS_CFLAGS=''
LIBVORBIS_LIBS=''
LIPO=''
LN_S='ln -s'
LTLIBICONV='-liconv'
LTLIBINTL=''
LTLIBOBJS=''
LV2_CFLAGS=''
LV2_LIBS=''
MAINT='#'
MAINTAINER_MODE_FALSE=''
MAINTAINER_MODE_TRUE='#'
MAKEINFO='${SHELL} /root/Downloads/audacity-minsrc-2.1.0/autotools/missing --run makeinfo'
MANIFEST_TOOL=':'
MIMETYPES=''
MKDIR_P='/bin/mkdir -p'
MSGFMT=':'
MSGFMT_015=':'
MSGMERGE=':'
NM='/usr/bin/nm -B'
NMEDIT=''
OBJDUMP='objdump'
OBJEXT='o'
OTOOL64=''
OTOOL=''
PACKAGE='audacity'
PACKAGE_BUGREPORT=''
PACKAGE_NAME='audacity'
PACKAGE_STRING='audacity 2.0.6'
PACKAGE_TARNAME='audacity'
PACKAGE_URL=''
PACKAGE_VERSION='2.0.6'
PATH_SEPARATOR=':'
PKG_CONFIG=''
PORTAUDIO_CFLAGS=''
PORTAUDIO_LIBS=''
PORTMIXER_LIBS=''
PORTSMF_CFLAGS=''
PORTSMF_LIBS=''
POSUB='po'
PRECOMP_CFLAGS=''
RANLIB='ranlib'
SAMPLERATE_CFLAGS=''
SAMPLERATE_LIBS=''
SBSMS_CFLAGS=''
SBSMS_LIBS=''
SED='/bin/sed'
SET_MAKE=''
SHELL='/bin/bash'
SNDFILE_CFLAGS=''
SNDFILE_LIBS=''
SOUNDTOUCH_CFLAGS=''
SOUNDTOUCH_LIBS=''
SOXR_CFLAGS=''
SOXR_LIBS=''
STRIP='strip'
USE_AUDIO_UNITS_FALSE=''
USE_AUDIO_UNITS_TRUE=''
USE_FFMPEG_FALSE=''
USE_FFMPEG_TRUE=''
USE_GSTREAMER_FALSE=''
USE_GSTREAMER_TRUE=''
USE_LADSPA_FALSE=''
USE_LADSPA_TRUE=''
USE_LAME_FALSE=''
USE_LAME_TRUE=''
USE_LIBFLAC_FALSE=''
USE_LIBFLAC_TRUE=''
USE_LIBID3TAG_FALSE=''
USE_LIBID3TAG_TRUE=''
USE_LIBMAD_FALSE=''
USE_LIBMAD_TRUE=''
USE_LIBNYQUIST_FALSE=''
USE_LIBNYQUIST_TRUE=''
USE_LIBRESAMPLE_FALSE=''
USE_LIBRESAMPLE_TRUE=''
USE_LIBSAMPLERATE_FALSE=''
USE_LIBSAMPLERATE_TRUE=''
USE_LIBSOUNDTOUCH_FALSE=''
USE_LIBSOUNDTOUCH_TRUE=''
USE_LIBSOXR_FALSE=''
USE_LIBSOXR_TRUE=''
USE_LIBTWOLAME_FALSE=''
USE_LIBTWOLAME_TRUE=''
USE_LIBVORBIS_FALSE=''
USE_LIBVORBIS_TRUE=''
USE_LOCAL_EXPAT_FALSE=''
USE_LOCAL_EXPAT_TRUE=''
USE_LOCAL_FFMPEG_FALSE=''
USE_LOCAL_FFMPEG_TRUE=''
USE_LOCAL_LAME_FALSE=''
USE_LOCAL_LAME_TRUE=''
USE_LOCAL_LIBFLAC_FALSE=''
USE_LOCAL_LIBFLAC_TRUE=''
USE_LOCAL_LIBID3TAG_FALSE=''
USE_LOCAL_LIBID3TAG_TRUE=''
USE_LOCAL_LIBMAD_FALSE=''
USE_LOCAL_LIBMAD_TRUE=''
USE_LOCAL_LIBNYQUIST_FALSE=''
USE_LOCAL_LIBNYQUIST_TRUE=''
USE_LOCAL_LIBRESAMPLE_FALSE=''
USE_LOCAL_LIBRESAMPLE_TRUE=''
USE_LOCAL_LIBSAMPLERATE_FALSE=''
USE_LOCAL_LIBSAMPLERATE_TRUE=''
USE_LOCAL_LIBSNDFILE_FALSE=''
USE_LOCAL_LIBSNDFILE_TRUE=''
USE_LOCAL_LIBSOUNDTOUCH_FALSE=''
USE_LOCAL_LIBSOUNDTOUCH_TRUE=''
USE_LOCAL_LIBSOXR_FALSE=''
USE_LOCAL_LIBSOXR_TRUE=''
USE_LOCAL_LIBTWOLAME_FALSE=''
USE_LOCAL_LIBTWOLAME_TRUE=''
USE_LOCAL_LIBVORBIS_FALSE=''
USE_LOCAL_LIBVORBIS_TRUE=''
USE_LOCAL_LV2_FALSE=''
USE_LOCAL_LV2_TRUE=''
USE_LOCAL_PORTAUDIO_FALSE=''
USE_LOCAL_PORTAUDIO_TRUE=''
USE_LOCAL_PORTSMF_FALSE=''
USE_LOCAL_PORTSMF_TRUE=''
USE_LOCAL_SBSMS_FALSE=''
USE_LOCAL_SBSMS_TRUE=''
USE_LOCAL_VAMP_FALSE=''
USE_LOCAL_VAMP_TRUE=''
USE_LOCAL_WIDGETEXTRA_FALSE=''
USE_LOCAL_WIDGETEXTRA_TRUE=''
USE_LV2_FALSE=''
USE_LV2_TRUE=''
USE_NLS='yes'
USE_PORTSMF_FALSE=''
USE_PORTSMF_TRUE=''
USE_QUICKTIME_FALSE=''
USE_QUICKTIME_TRUE=''
USE_SBSMS_FALSE=''
USE_SBSMS_TRUE=''
USE_VAMP_FALSE=''
USE_VAMP_TRUE=''
USE_VST_FALSE=''
USE_VST_TRUE=''
VAMP_CFLAGS=''
VAMP_LIBS=''
VERSION='2.0.6'
WIDGETEXTRA_CFLAGS=''
WIDGETEXTRA_LIBS=''
WX_CONFIG=''
WX_CXXFLAGS=''
WX_LIBS=''
XGETTEXT=':'
XGETTEXT_015=':'
XGETTEXT_EXTRA_OPTIONS=''
ac_ct_AR='ar'
ac_ct_CC='gcc'
ac_ct_CXX='g++'
ac_ct_DUMPBIN=''
am__EXEEXT_FALSE=''
am__EXEEXT_TRUE=''
am__fastdepCC_FALSE='#'
am__fastdepCC_TRUE=''
am__fastdepCXX_FALSE='#'
am__fastdepCXX_TRUE=''
am__include='include'
am__isrc=''
am__leading_dot='.'
am__nodep='_no'
am__quote=''
am__tar='tar --format=ustar -chf - "$$tardir"'
am__untar='tar -xf -'
bindir='${exec_prefix}/bin'
build='x86_64-unknown-linux-gnu'
build_alias=''
build_cpu='x86_64'
build_os='linux-gnu'
build_vendor='unknown'
datadir='${datarootdir}'
datarootdir='${prefix}/share'
docdir='${datarootdir}/doc/${PACKAGE_TARNAME}'
dvidir='${docdir}'
exec_prefix='NONE'
host='x86_64-unknown-linux-gnu'
host_alias=''
host_cpu='x86_64'
host_os='linux-gnu'
host_vendor='unknown'
htmldir='${docdir}'
includedir='${prefix}/include'
infodir='${datarootdir}/info'
install_sh='${SHELL} /root/Downloads/audacity-minsrc-2.1.0/autotools/install-sh'
libdir='${exec_prefix}/lib'
libexecdir='${exec_prefix}/libexec'
localedir='${datarootdir}/locale'
localstatedir='${prefix}/var'
mandir='${datarootdir}/man'
mkdir_p='/bin/mkdir -p'
oldincludedir='/usr/include'
pdfdir='${docdir}'
prefix='NONE'
program_transform_name='s,x,x,'
psdir='${docdir}'
sbindir='${exec_prefix}/sbin'
sharedstatedir='${prefix}/com'
subdirs=''
sysconfdir='${prefix}/etc'
target_alias=''

## ----------- ##
## confdefs.h. ##
## ----------- ##

/* confdefs.h */
#define PACKAGE_NAME "audacity"
#define PACKAGE_TARNAME "audacity"
#define PACKAGE_VERSION "2.0.6"
#define PACKAGE_STRING "audacity 2.0.6"
#define PACKAGE_BUGREPORT ""
#define PACKAGE_URL ""
#define PACKAGE "audacity"
#define VERSION "2.0.6"
#define ENABLE_NLS 1
#define HAVE_GETTEXT 1
#define HAVE_DCGETTEXT 1
#define STDC_HEADERS 1
#define HAVE_SYS_TYPES_H 1
#define HAVE_SYS_STAT_H 1
#define HAVE_STDLIB_H 1
#define HAVE_STRING_H 1
#define HAVE_MEMORY_H 1
#define HAVE_STRINGS_H 1
#define HAVE_INTTYPES_H 1
#define HAVE_STDINT_H 1
#define HAVE_UNISTD_H 1
#define HAVE_DLFCN_H 1
#define LT_OBJDIR ".libs/"

configure: exit 1
